<?xml version="1.0" encoding="UTF-8"?>
<testng-results ignored="0" total="9" passed="9" failed="0" skipped="0">
  <reporter-output>
  </reporter-output>
  <suite started-at="2023-02-24T13:55:44 IST" name="Surefire suite" finished-at="2023-02-24T14:01:08 IST" duration-ms="324312">
    <groups>
      <group name="cucumber">
        <method signature="AbstractTestNGCucumberTests.runScenario(io.cucumber.testng.PickleWrapper,io.cucumber.testng.FeatureWrapper)[pri:0, instance:runner.TestRunner@1c93084c]" name="runScenario" class="io.cucumber.testng.AbstractTestNGCucumberTests"/>
      </group> <!-- cucumber -->
    </groups>
    <test started-at="2023-02-24T13:55:44 IST" name="Surefire test" finished-at="2023-02-24T14:01:08 IST" duration-ms="324312">
      <class name="runner.TestRunner">
        <test-method is-config="true" signature="setUpClass(org.testng.ITestContext)[pri:0, instance:runner.TestRunner@1c93084c]" started-at="2023-02-24T13:55:44 IST" name="setUpClass" finished-at="2023-02-24T13:55:48 IST" duration-ms="3384" status="PASS">
          <params>
            <param index="0">
              <value>
                <![CDATA[org.testng.TestRunner@7cd1ec54]]>
              </value>
            </param>
          </params>
          <reporter-output>
          </reporter-output>
        </test-method> <!-- setUpClass -->
        <test-method signature="runScenario(io.cucumber.testng.PickleWrapper,io.cucumber.testng.FeatureWrapper)[pri:0, instance:runner.TestRunner@1c93084c]" started-at="2023-02-24T13:55:48 IST" name="runScenario" description="Runs Cucumber Scenarios" data-provider="scenarios" finished-at="2023-02-24T13:56:33 IST" duration-ms="45333" status="PASS">
          <params>
            <param index="0">
              <value>
                <![CDATA["Verify that the user can be able to select a product from Men's Category"]]>
              </value>
            </param>
            <param index="1">
              <value>
                <![CDATA["Ajio Customization"]]>
              </value>
            </param>
          </params>
          <reporter-output>
          </reporter-output>
        </test-method> <!-- runScenario -->
        <test-method signature="runScenario(io.cucumber.testng.PickleWrapper,io.cucumber.testng.FeatureWrapper)[pri:0, instance:runner.TestRunner@1c93084c]" started-at="2023-02-24T13:56:33 IST" name="runScenario" description="Runs Cucumber Scenarios" data-provider="scenarios" finished-at="2023-02-24T13:57:15 IST" duration-ms="41704" status="PASS">
          <params>
            <param index="0">
              <value>
                <![CDATA["Verify that the user can be able to select a product from Women's Category"]]>
              </value>
            </param>
            <param index="1">
              <value>
                <![CDATA["Ajio Customization"]]>
              </value>
            </param>
          </params>
          <reporter-output>
          </reporter-output>
        </test-method> <!-- runScenario -->
        <test-method signature="runScenario(io.cucumber.testng.PickleWrapper,io.cucumber.testng.FeatureWrapper)[pri:0, instance:runner.TestRunner@1c93084c]" started-at="2023-02-24T13:57:15 IST" name="runScenario" description="Runs Cucumber Scenarios" data-provider="scenarios" finished-at="2023-02-24T13:57:54 IST" duration-ms="39242" status="PASS">
          <params>
            <param index="0">
              <value>
                <![CDATA["Verify that the user is able to select a particular brand from Men's Category"]]>
              </value>
            </param>
            <param index="1">
              <value>
                <![CDATA["Ajio Customization"]]>
              </value>
            </param>
          </params>
          <reporter-output>
          </reporter-output>
        </test-method> <!-- runScenario -->
        <test-method signature="runScenario(io.cucumber.testng.PickleWrapper,io.cucumber.testng.FeatureWrapper)[pri:0, instance:runner.TestRunner@1c93084c]" started-at="2023-02-24T13:57:54 IST" name="runScenario" description="Runs Cucumber Scenarios" data-provider="scenarios" finished-at="2023-02-24T13:58:29 IST" duration-ms="35279" status="PASS">
          <params>
            <param index="0">
              <value>
                <![CDATA["Verify that the user is able to select a particular brand from Women's Category"]]>
              </value>
            </param>
            <param index="1">
              <value>
                <![CDATA["Ajio Customization"]]>
              </value>
            </param>
          </params>
          <reporter-output>
          </reporter-output>
        </test-method> <!-- runScenario -->
        <test-method signature="runScenario(io.cucumber.testng.PickleWrapper,io.cucumber.testng.FeatureWrapper)[pri:0, instance:runner.TestRunner@1c93084c]" started-at="2023-02-24T13:58:29 IST" name="runScenario" description="Runs Cucumber Scenarios" data-provider="scenarios" finished-at="2023-02-24T13:58:52 IST" duration-ms="22659" status="PASS">
          <params>
            <param index="0">
              <value>
                <![CDATA["Verify that the user is able to select the product of the particular brand selected from men's category"]]>
              </value>
            </param>
            <param index="1">
              <value>
                <![CDATA["Ajio Customization"]]>
              </value>
            </param>
          </params>
          <reporter-output>
          </reporter-output>
        </test-method> <!-- runScenario -->
        <test-method signature="runScenario(io.cucumber.testng.PickleWrapper,io.cucumber.testng.FeatureWrapper)[pri:0, instance:runner.TestRunner@1c93084c]" started-at="2023-02-24T13:58:52 IST" name="runScenario" description="Runs Cucumber Scenarios" data-provider="scenarios" finished-at="2023-02-24T13:59:19 IST" duration-ms="27549" status="PASS">
          <params>
            <param index="0">
              <value>
                <![CDATA["Verify that the user is able to select the product of the particular brand selected from women's category"]]>
              </value>
            </param>
            <param index="1">
              <value>
                <![CDATA["Ajio Customization"]]>
              </value>
            </param>
          </params>
          <reporter-output>
          </reporter-output>
        </test-method> <!-- runScenario -->
        <test-method signature="runScenario(io.cucumber.testng.PickleWrapper,io.cucumber.testng.FeatureWrapper)[pri:0, instance:runner.TestRunner@1c93084c]" started-at="2023-02-24T13:59:19 IST" name="runScenario" description="Runs Cucumber Scenarios" data-provider="scenarios" finished-at="2023-02-24T13:59:55 IST" duration-ms="35337" status="PASS">
          <params>
            <param index="0">
              <value>
                <![CDATA["Verify that the user can be able to select a product from Kidss Category"]]>
              </value>
            </param>
            <param index="1">
              <value>
                <![CDATA["Ajio Customization"]]>
              </value>
            </param>
          </params>
          <reporter-output>
          </reporter-output>
        </test-method> <!-- runScenario -->
        <test-method signature="runScenario(io.cucumber.testng.PickleWrapper,io.cucumber.testng.FeatureWrapper)[pri:0, instance:runner.TestRunner@1c93084c]" started-at="2023-02-24T13:59:55 IST" name="runScenario" description="Runs Cucumber Scenarios" data-provider="scenarios" finished-at="2023-02-24T14:00:29 IST" duration-ms="34287" status="PASS">
          <params>
            <param index="0">
              <value>
                <![CDATA["User should be able to search two products"]]>
              </value>
            </param>
            <param index="1">
              <value>
                <![CDATA["Ajio Customization"]]>
              </value>
            </param>
          </params>
          <reporter-output>
          </reporter-output>
        </test-method> <!-- runScenario -->
        <test-method signature="runScenario(io.cucumber.testng.PickleWrapper,io.cucumber.testng.FeatureWrapper)[pri:0, instance:runner.TestRunner@1c93084c]" started-at="2023-02-24T14:00:29 IST" name="runScenario" description="Runs Cucumber Scenarios" data-provider="scenarios" finished-at="2023-02-24T14:01:05 IST" duration-ms="36059" status="PASS">
          <params>
            <param index="0">
              <value>
                <![CDATA["User should be able to search two products"]]>
              </value>
            </param>
            <param index="1">
              <value>
                <![CDATA["Ajio Customization"]]>
              </value>
            </param>
          </params>
          <reporter-output>
          </reporter-output>
        </test-method> <!-- runScenario -->
        <test-method is-config="true" signature="tearDownClass()[pri:0, instance:runner.TestRunner@1c93084c]" started-at="2023-02-24T14:01:05 IST" name="tearDownClass" finished-at="2023-02-24T14:01:08 IST" duration-ms="3315" status="PASS">
          <reporter-output>
          </reporter-output>
        </test-method> <!-- tearDownClass -->
      </class> <!-- runner.TestRunner -->
    </test> <!-- Surefire test -->
  </suite> <!-- Surefire suite -->
</testng-results>
