<?xml version="1.0" encoding="UTF-8"?>
<testng-results ignored="0" total="9" passed="9" failed="0" skipped="0">
  <reporter-output>
  </reporter-output>
  <suite started-at="2023-02-23T16:11:22 IST" name="Surefire suite" finished-at="2023-02-23T16:16:42 IST" duration-ms="320554">
    <groups>
      <group name="cucumber">
        <method signature="AbstractTestNGCucumberTests.runScenario(io.cucumber.testng.PickleWrapper,io.cucumber.testng.FeatureWrapper)[pri:0, instance:runner.TestRunner@1c93084c]" name="runScenario" class="io.cucumber.testng.AbstractTestNGCucumberTests"/>
      </group> <!-- cucumber -->
    </groups>
    <test started-at="2023-02-23T16:11:22 IST" name="Surefire test" finished-at="2023-02-23T16:16:42 IST" duration-ms="320554">
      <class name="runner.TestRunner">
        <test-method is-config="true" signature="setUpClass(org.testng.ITestContext)[pri:0, instance:runner.TestRunner@1c93084c]" started-at="2023-02-23T16:11:22 IST" name="setUpClass" finished-at="2023-02-23T16:11:24 IST" duration-ms="1702" status="PASS">
          <params>
            <param index="0">
              <value>
                <![CDATA[org.testng.TestRunner@134d7ffa]]>
              </value>
            </param>
          </params>
          <reporter-output>
          </reporter-output>
        </test-method> <!-- setUpClass -->
        <test-method signature="runScenario(io.cucumber.testng.PickleWrapper,io.cucumber.testng.FeatureWrapper)[pri:0, instance:runner.TestRunner@1c93084c]" started-at="2023-02-23T16:11:24 IST" name="runScenario" description="Runs Cucumber Scenarios" data-provider="scenarios" finished-at="2023-02-23T16:12:24 IST" duration-ms="59852" status="PASS">
          <params>
            <param index="0">
              <value>
                <![CDATA["Verify that the user can be able to select a product from Men's Category"]]>
              </value>
            </param>
            <param index="1">
              <value>
                <![CDATA["Ajio Customization"]]>
              </value>
            </param>
          </params>
          <reporter-output>
          </reporter-output>
        </test-method> <!-- runScenario -->
        <test-method signature="runScenario(io.cucumber.testng.PickleWrapper,io.cucumber.testng.FeatureWrapper)[pri:0, instance:runner.TestRunner@1c93084c]" started-at="2023-02-23T16:12:24 IST" name="runScenario" description="Runs Cucumber Scenarios" data-provider="scenarios" finished-at="2023-02-23T16:12:58 IST" duration-ms="34942" status="PASS">
          <params>
            <param index="0">
              <value>
                <![CDATA["Verify that the user can be able to select a product from Women's Category"]]>
              </value>
            </param>
            <param index="1">
              <value>
                <![CDATA["Ajio Customization"]]>
              </value>
            </param>
          </params>
          <reporter-output>
          </reporter-output>
        </test-method> <!-- runScenario -->
        <test-method signature="runScenario(io.cucumber.testng.PickleWrapper,io.cucumber.testng.FeatureWrapper)[pri:0, instance:runner.TestRunner@1c93084c]" started-at="2023-02-23T16:12:58 IST" name="runScenario" description="Runs Cucumber Scenarios" data-provider="scenarios" finished-at="2023-02-23T16:13:34 IST" duration-ms="35635" status="PASS">
          <params>
            <param index="0">
              <value>
                <![CDATA["Verify that the user is able to select a particular brand from Men's Category"]]>
              </value>
            </param>
            <param index="1">
              <value>
                <![CDATA["Ajio Customization"]]>
              </value>
            </param>
          </params>
          <reporter-output>
          </reporter-output>
        </test-method> <!-- runScenario -->
        <test-method signature="runScenario(io.cucumber.testng.PickleWrapper,io.cucumber.testng.FeatureWrapper)[pri:0, instance:runner.TestRunner@1c93084c]" started-at="2023-02-23T16:13:34 IST" name="runScenario" description="Runs Cucumber Scenarios" data-provider="scenarios" finished-at="2023-02-23T16:14:04 IST" duration-ms="29552" status="PASS">
          <params>
            <param index="0">
              <value>
                <![CDATA["Verify that the user is able to select a particular brand from Women's Category"]]>
              </value>
            </param>
            <param index="1">
              <value>
                <![CDATA["Ajio Customization"]]>
              </value>
            </param>
          </params>
          <reporter-output>
          </reporter-output>
        </test-method> <!-- runScenario -->
        <test-method signature="runScenario(io.cucumber.testng.PickleWrapper,io.cucumber.testng.FeatureWrapper)[pri:0, instance:runner.TestRunner@1c93084c]" started-at="2023-02-23T16:14:04 IST" name="runScenario" description="Runs Cucumber Scenarios" data-provider="scenarios" finished-at="2023-02-23T16:14:34 IST" duration-ms="30356" status="PASS">
          <params>
            <param index="0">
              <value>
                <![CDATA["Verify that the user is able to select the product of the particular brand selected from men's category"]]>
              </value>
            </param>
            <param index="1">
              <value>
                <![CDATA["Ajio Customization"]]>
              </value>
            </param>
          </params>
          <reporter-output>
          </reporter-output>
        </test-method> <!-- runScenario -->
        <test-method signature="runScenario(io.cucumber.testng.PickleWrapper,io.cucumber.testng.FeatureWrapper)[pri:0, instance:runner.TestRunner@1c93084c]" started-at="2023-02-23T16:14:34 IST" name="runScenario" description="Runs Cucumber Scenarios" data-provider="scenarios" finished-at="2023-02-23T16:15:08 IST" duration-ms="33604" status="PASS">
          <params>
            <param index="0">
              <value>
                <![CDATA["Verify that the user is able to select the product of the particular brand selected from women's category"]]>
              </value>
            </param>
            <param index="1">
              <value>
                <![CDATA["Ajio Customization"]]>
              </value>
            </param>
          </params>
          <reporter-output>
          </reporter-output>
        </test-method> <!-- runScenario -->
        <test-method signature="runScenario(io.cucumber.testng.PickleWrapper,io.cucumber.testng.FeatureWrapper)[pri:0, instance:runner.TestRunner@1c93084c]" started-at="2023-02-23T16:15:08 IST" name="runScenario" description="Runs Cucumber Scenarios" data-provider="scenarios" finished-at="2023-02-23T16:15:31 IST" duration-ms="23146" status="PASS">
          <params>
            <param index="0">
              <value>
                <![CDATA["Verify that the user can be able to select a product from Kidss Category"]]>
              </value>
            </param>
            <param index="1">
              <value>
                <![CDATA["Ajio Customization"]]>
              </value>
            </param>
          </params>
          <reporter-output>
          </reporter-output>
        </test-method> <!-- runScenario -->
        <test-method signature="runScenario(io.cucumber.testng.PickleWrapper,io.cucumber.testng.FeatureWrapper)[pri:0, instance:runner.TestRunner@1c93084c]" started-at="2023-02-23T16:15:31 IST" name="runScenario" description="Runs Cucumber Scenarios" data-provider="scenarios" finished-at="2023-02-23T16:16:02 IST" duration-ms="31172" status="PASS">
          <params>
            <param index="0">
              <value>
                <![CDATA["User should be able to search two products"]]>
              </value>
            </param>
            <param index="1">
              <value>
                <![CDATA["Ajio Customization"]]>
              </value>
            </param>
          </params>
          <reporter-output>
          </reporter-output>
        </test-method> <!-- runScenario -->
        <test-method signature="runScenario(io.cucumber.testng.PickleWrapper,io.cucumber.testng.FeatureWrapper)[pri:0, instance:runner.TestRunner@1c93084c]" started-at="2023-02-23T16:16:02 IST" name="runScenario" description="Runs Cucumber Scenarios" data-provider="scenarios" finished-at="2023-02-23T16:16:38 IST" duration-ms="35787" status="PASS">
          <params>
            <param index="0">
              <value>
                <![CDATA["User should be able to search two products"]]>
              </value>
            </param>
            <param index="1">
              <value>
                <![CDATA["Ajio Customization"]]>
              </value>
            </param>
          </params>
          <reporter-output>
          </reporter-output>
        </test-method> <!-- runScenario -->
        <test-method is-config="true" signature="tearDownClass()[pri:0, instance:runner.TestRunner@1c93084c]" started-at="2023-02-23T16:16:38 IST" name="tearDownClass" finished-at="2023-02-23T16:16:42 IST" duration-ms="4659" status="PASS">
          <reporter-output>
          </reporter-output>
        </test-method> <!-- tearDownClass -->
      </class> <!-- runner.TestRunner -->
    </test> <!-- Surefire test -->
  </suite> <!-- Surefire suite -->
</testng-results>
