<?xml version="1.0" encoding="UTF-8"?>
<testsuite xmlns:xsi="http://www.w3.org/2001/XMLSchema-instance" xsi:noNamespaceSchemaLocation="https://maven.apache.org/surefire/maven-surefire-plugin/xsd/surefire-test-report-3.0.xsd" version="3.0" name="TestSuite" time="322.253" tests="9" errors="0" skipped="0" failures="0">
  <properties>
[...]
</properties>
  <testcase name="runScenario[&quot;Verify that the user can be able to select a product from Men&apos;s Category&quot;, &quot;Ajio Customization&quot;](1)" classname="runner.TestRunner" time="59.862">
    <system-out><![CDATA[
Scenario: Verify that the user can be able to select a product from Men's Category # src/test/resources/feature/ajio_customizatin.feature:3
1
2
3
4
5
6
7
8
{Verify that the user can be able to select a product from Men's Category={=https://www.ajio.com/s/30-to-50-percent-off-4957-62151, Product_Women=https://www.ajio.com/s/whp-30-to-60-percent-off-4957-48681, Kids_url=https://www.ajio.com/shop/kids, url=https://www.ajio.com/shop/men}, Verify that the user is able to select a particular brand from Women's Category={url=https://www.ajio.com/s/whp-30-to-60-percent-off-4957-48681}, Verify that the user is able to select the product of the particular brand selected from men's category={url=https://www.ajio.com/s/30-to-50-percent-off-4957-62151}, Verify that the user is able to select a particular brand from Men's Category={url=https://www.ajio.com/s/30-to-50-percent-off-4957-62151}, Verify that the user is able to select the product of the particular brand selected from women's category={url=https://www.ajio.com/s/whp-30-to-60-percent-off-4957-48681}, User should be able to search two products={url=https://www.ajio.com/s/jeans-3571-88891?query=:relevance}, Verify that the user can be able to select a product from Kidss Category={url=https://www.ajio.com/shop/kids}, Verify that the user can be able to select a product from Women's Category={url=https://www.ajio.com/shop/women}}
  Given the user navigates to the homepage                                         # steps.StepDefinitions.the_user_navigates_to_the_homepage()
  When the user click on the option to display categories in Men's section         # steps.StepDefinitions.the_user_click_in_the_option_to_display_categories_in_men_s_section()
  Then the brands and offers under men's section to be displayed.                  # steps.StepDefinitions.theBrandsAndOffersUnderMenSSectionToBeDisplayed()
]]></system-out>
    <system-err><![CDATA[SLF4J: Failed to load class "org.slf4j.impl.StaticLoggerBinder".
SLF4J: Defaulting to no-operation (NOP) logger implementation
SLF4J: See http://www.slf4j.org/codes.html#StaticLoggerBinder for further details.
Starting ChromeDriver 110.0.5481.77 (65ed616c6e8ee3fe0ad64fe83796c020644d42af-refs/branch-heads/5481@{#839}) on port 38778
Only local connections are allowed.
Please see https://chromedriver.chromium.org/security-considerations for suggestions on keeping ChromeDriver safe.
ChromeDriver was started successfully.
[1677148896.668][WARNING]: virtual void DevToolsClientImpl::AddListener(DevToolsEventListener *) subscribing a listener to the already connected DevToolsClient. Connection notification will not arrive.
Feb 23, 2023 4:11:38 PM org.openqa.selenium.remote.ProtocolHandshake createSession
INFO: Detected dialect: W3C
ERROR StatusLogger Log4j2 could not find a logging implementation. Please add log4j-core to the classpath. Using SimpleLogger to log to the console...
]]></system-err>
  </testcase>
  <testcase name="runScenario[&quot;Verify that the user can be able to select a product from Women&apos;s Category&quot;, &quot;Ajio Customization&quot;](2)" classname="runner.TestRunner" time="34.935">
    <system-out><![CDATA[
Scenario: Verify that the user can be able to select a product from Women's Category # src/test/resources/feature/ajio_customizatin.feature:9
  Given the user navigates to the ajio_homepage                                      # steps.StepDefinitions.theUserNavigatesToTheAjio_homepage()
  When the user click on the option to display categories in Women's section         # steps.StepDefinitions.theUserClickOnTheOptionToDisplayCategoriesInWomenSSection()
  Then the brands and offers under women's section to be displayed.                  # steps.StepDefinitions.theBrandsAndOffersUnderWomenSSectionToBeDisplayed()
]]></system-out>
    <system-err><![CDATA[Starting ChromeDriver 110.0.5481.77 (65ed616c6e8ee3fe0ad64fe83796c020644d42af-refs/branch-heads/5481@{#839}) on port 7346
Only local connections are allowed.
Please see https://chromedriver.chromium.org/security-considerations for suggestions on keeping ChromeDriver safe.
ChromeDriver was started successfully.
[1677148947.840][WARNING]: virtual void DevToolsClientImpl::AddListener(DevToolsEventListener *) subscribing a listener to the already connected DevToolsClient. Connection notification will not arrive.
Feb 23, 2023 4:12:28 PM org.openqa.selenium.remote.ProtocolHandshake createSession
INFO: Detected dialect: W3C
]]></system-err>
  </testcase>
  <testcase name="runScenario[&quot;Verify that the user is able to select a particular brand from Men&apos;s Category&quot;, &quot;Ajio Customization&quot;](3)" classname="runner.TestRunner" time="35.635">
    <system-out><![CDATA[
Scenario: Verify that the user is able to select a particular brand from Men's Category # src/test/resources/feature/ajio_customizatin.feature:15
  Given the user navigates to the men's category page                                   # steps.StepDefinitions.theUserNavigatesToTheMenSCategoryPage()
  When the user selects particular brand from men's category                            # steps.StepDefinitions.theUserSelectsParticularBrandFromMenSCategory()
  Then the products from men's section of the particular brand gets displayed           # steps.StepDefinitions.theProductsFromMenSSectionOfTheParticularBrandGetsDisplayed()
]]></system-out>
    <system-err><![CDATA[Starting ChromeDriver 110.0.5481.77 (65ed616c6e8ee3fe0ad64fe83796c020644d42af-refs/branch-heads/5481@{#839}) on port 27396
Only local connections are allowed.
Please see https://chromedriver.chromium.org/security-considerations for suggestions on keeping ChromeDriver safe.
ChromeDriver was started successfully.
[1677148982.526][WARNING]: virtual void DevToolsClientImpl::AddListener(DevToolsEventListener *) subscribing a listener to the already connected DevToolsClient. Connection notification will not arrive.
Feb 23, 2023 4:13:02 PM org.openqa.selenium.remote.ProtocolHandshake createSession
INFO: Detected dialect: W3C
]]></system-err>
  </testcase>
  <testcase name="runScenario[&quot;Verify that the user is able to select a particular brand from Women&apos;s Category&quot;, &quot;Ajio Customization&quot;](4)" classname="runner.TestRunner" time="29.552">
    <system-out><![CDATA[
Scenario: Verify that the user is able to select a particular brand from Women's Category # src/test/resources/feature/ajio_customizatin.feature:20
  Given the user navigates to the women's category page                                   # steps.StepDefinitions.theUserNavigatesToTheWomenSCategoryPage()
  When the user selects particular brand from women's category                            # steps.StepDefinitions.theUserSelectsParticularBrandFromWomenSCategory()
  Then the products from women's section of the particular brand gets displayed           # steps.StepDefinitions.theProductsFromWomenSSectionOfTheParticularBrandGetsDisplayed()
]]></system-out>
    <system-err><![CDATA[Starting ChromeDriver 110.0.5481.77 (65ed616c6e8ee3fe0ad64fe83796c020644d42af-refs/branch-heads/5481@{#839}) on port 15178
Only local connections are allowed.
Please see https://chromedriver.chromium.org/security-considerations for suggestions on keeping ChromeDriver safe.
ChromeDriver was started successfully.
[1677149016.685][WARNING]: virtual void DevToolsClientImpl::AddListener(DevToolsEventListener *) subscribing a listener to the already connected DevToolsClient. Connection notification will not arrive.
Feb 23, 2023 4:13:37 PM org.openqa.selenium.remote.ProtocolHandshake createSession
INFO: Detected dialect: W3C
]]></system-err>
  </testcase>
  <testcase name="runScenario[&quot;Verify that the user is able to select the product of the particular brand selected from men&apos;s category&quot;, &quot;Ajio Customization&quot;](5)" classname="runner.TestRunner" time="30.357">
    <system-out><![CDATA[
Scenario: Verify that the user is able to select the product of the particular brand selected from men's category # src/test/resources/feature/ajio_customizatin.feature:25
  Given the user navigates to the page of men's category                                                          # steps.StepDefinitions.theUserNavigatesToThePageOfMenSCategory()
  When the user selects particular brand from men's section                                                       # steps.StepDefinitions.theUserSelectsParticularBrandFromMenSSection()
  And the user selects particular product from the brand in men's section                                         # steps.StepDefinitions.theUserSelectsParticularProductFromTheBrandInMenSSection()
  Then the product page gets displayed                                                                            # steps.StepDefinitions.theProductPageGetsDisplayed()
]]></system-out>
    <system-err><![CDATA[Starting ChromeDriver 110.0.5481.77 (65ed616c6e8ee3fe0ad64fe83796c020644d42af-refs/branch-heads/5481@{#839}) on port 30580
Only local connections are allowed.
Please see https://chromedriver.chromium.org/security-considerations for suggestions on keeping ChromeDriver safe.
ChromeDriver was started successfully.
[1677149047.382][WARNING]: virtual void DevToolsClientImpl::AddListener(DevToolsEventListener *) subscribing a listener to the already connected DevToolsClient. Connection notification will not arrive.
Feb 23, 2023 4:14:07 PM org.openqa.selenium.remote.ProtocolHandshake createSession
INFO: Detected dialect: W3C
]]></system-err>
  </testcase>
  <testcase name="runScenario[&quot;Verify that the user is able to select the product of the particular brand selected from women&apos;s category&quot;, &quot;Ajio Customization&quot;](6)" classname="runner.TestRunner" time="33.606">
    <system-out><![CDATA[
Scenario: Verify that the user is able to select the product of the particular brand selected from women's category # src/test/resources/feature/ajio_customizatin.feature:31
  Given the user navigates to the page of women's category                                                          # steps.StepDefinitions.theUserNavigatesToThePageOfWomenSCategory()
  When the user selects particular brand from women's section                                                       # steps.StepDefinitions.theUserSelectsParticularBrandFromWomenSSection()
  And the user selects particular product from the brand in women's section                                         # steps.StepDefinitions.theUserSelectsParticularProductFromTheBrandInWomenSSection()
  Then the product page gets displayed to user                                                                      # steps.StepDefinitions.theProductPageGetsDisplayedToUser()
]]></system-out>
    <system-err><![CDATA[Starting ChromeDriver 110.0.5481.77 (65ed616c6e8ee3fe0ad64fe83796c020644d42af-refs/branch-heads/5481@{#839}) on port 10779
Only local connections are allowed.
Please see https://chromedriver.chromium.org/security-considerations for suggestions on keeping ChromeDriver safe.
ChromeDriver was started successfully.
[1677149076.419][WARNING]: virtual void DevToolsClientImpl::AddListener(DevToolsEventListener *) subscribing a listener to the already connected DevToolsClient. Connection notification will not arrive.
Feb 23, 2023 4:14:36 PM org.openqa.selenium.remote.ProtocolHandshake createSession
INFO: Detected dialect: W3C
]]></system-err>
  </testcase>
  <testcase name="runScenario[&quot;Verify that the user can be able to select a product from Kidss Category&quot;, &quot;Ajio Customization&quot;](7)" classname="runner.TestRunner" time="23.144">
    <system-out><![CDATA[
Scenario: Verify that the user can be able to select a product from Kidss Category # src/test/resources/feature/ajio_customizatin.feature:37
  Given the user navigates to the ajio homepage                                    # steps.StepDefinitions.theUserNavigatesToTheAjioHomepage()
  When the user click on the option to display categories in Kidss section         # steps.StepDefinitions.theUserClickOnTheOptionToDisplayCategoriesInKidssSection()
  Then the brands and offers under Kids section to be displayed.                   # steps.StepDefinitions.theBrandsAndOffersUnderKidsSectionToBeDisplayed()
]]></system-out>
    <system-err><![CDATA[Starting ChromeDriver 110.0.5481.77 (65ed616c6e8ee3fe0ad64fe83796c020644d42af-refs/branch-heads/5481@{#839}) on port 25867
Only local connections are allowed.
Please see https://chromedriver.chromium.org/security-considerations for suggestions on keeping ChromeDriver safe.
ChromeDriver was started successfully.
[1677149110.337][WARNING]: virtual void DevToolsClientImpl::AddListener(DevToolsEventListener *) subscribing a listener to the already connected DevToolsClient. Connection notification will not arrive.
Feb 23, 2023 4:15:10 PM org.openqa.selenium.remote.ProtocolHandshake createSession
INFO: Detected dialect: W3C
]]></system-err>
  </testcase>
  <testcase name="runScenario[&quot;User should be able to search two products&quot;, &quot;Ajio Customization&quot;](8)" classname="runner.TestRunner" time="31.173">
    <system-out><![CDATA[
Scenario Outline: User should be able to search two products # src/test/resources/feature/ajio_customizatin.feature:48
  Given the user navigates to the homepage of ajio           # steps.StepDefinitions.theUserNavigatesToTheHomepageOfAjio()
  When the user clicks on searchbar and enters "jeans"       # steps.StepDefinitions.theUserClicksOnSearchbarAndEnters(java.lang.String)
  Then Products gets displayed                               # steps.StepDefinitions.productsGetsDisplayed()
]]></system-out>
    <system-err><![CDATA[Starting ChromeDriver 110.0.5481.77 (65ed616c6e8ee3fe0ad64fe83796c020644d42af-refs/branch-heads/5481@{#839}) on port 37013
Only local connections are allowed.
Please see https://chromedriver.chromium.org/security-considerations for suggestions on keeping ChromeDriver safe.
ChromeDriver was started successfully.
[1677149132.903][WARNING]: virtual void DevToolsClientImpl::AddListener(DevToolsEventListener *) subscribing a listener to the already connected DevToolsClient. Connection notification will not arrive.
Feb 23, 2023 4:15:33 PM org.openqa.selenium.remote.ProtocolHandshake createSession
INFO: Detected dialect: W3C
]]></system-err>
  </testcase>
  <testcase name="runScenario[&quot;User should be able to search two products&quot;, &quot;Ajio Customization&quot;](9)" classname="runner.TestRunner" time="35.788">
    <system-out><![CDATA[
Scenario Outline: User should be able to search two products # src/test/resources/feature/ajio_customizatin.feature:49
  Given the user navigates to the homepage of ajio           # steps.StepDefinitions.theUserNavigatesToTheHomepageOfAjio()
  When the user clicks on searchbar and enters "bags"        # steps.StepDefinitions.theUserClicksOnSearchbarAndEnters(java.lang.String)
  Then Products gets displayed                               # steps.StepDefinitions.productsGetsDisplayed()
]]></system-out>
    <system-err><![CDATA[Starting ChromeDriver 110.0.5481.77 (65ed616c6e8ee3fe0ad64fe83796c020644d42af-refs/branch-heads/5481@{#839}) on port 13431
Only local connections are allowed.
Please see https://chromedriver.chromium.org/security-considerations for suggestions on keeping ChromeDriver safe.
ChromeDriver was started successfully.
[1677149164.357][WARNING]: virtual void DevToolsClientImpl::AddListener(DevToolsEventListener *) subscribing a listener to the already connected DevToolsClient. Connection notification will not arrive.
Feb 23, 2023 4:16:04 PM org.openqa.selenium.remote.ProtocolHandshake createSession
INFO: Detected dialect: W3C
]]></system-err>
  </testcase>
</testsuite>